<?xml version="1.0" encoding="UTF-8"?>
<!-- Generated by org.testng.reporters.JUnitXMLReporter -->
<testsuite hostname="Rohit-PC" ignored="0" name="LaunchBrowserTest" tests="1" failures="1" timestamp="19 Feb 2022 19:04:12 GMT" time="0.045" errors="0">
  <testcase name="@AfterMethod tearDown" time="0.002" classname="com.myStore.TestCases.LaunchBrowserTest">
    <failure type="java.lang.NullPointerException">
      <![CDATA[java.lang.NullPointerException
at com.myStore.TestCases.LaunchBrowserTest.tearDown(LaunchBrowserTest.java:34)
... Removed 32 stack frames]]>
    </failure>
  </testcase> <!-- @AfterMethod tearDown -->
  <testcase name="Login" time="0.003" classname="com.myStore.TestCases.LaunchBrowserTest">
    <failure type="java.lang.NullPointerException">
      <![CDATA[java.lang.NullPointerException
at com.myStore.TestCases.LaunchBrowserTest.Login(LaunchBrowserTest.java:42)
... Removed 29 stack frames]]>
    </failure>
  </testcase> <!-- Login -->
</testsuite> <!-- LaunchBrowserTest -->
