<?xml version="1.0" encoding="UTF-8"?>
<testsuite xmlns:xsi="http://www.w3.org/2001/XMLSchema-instance" xsi:noNamespaceSchemaLocation="https://maven.apache.org/surefire/maven-surefire-plugin/xsd/surefire-test-report.xsd" name="TestSuite" time="20.826" tests="3" errors="0" skipped="0" failures="2">
  <properties>
[...]
</properties>
  <testcase name="Login" classname="com.myStore.TestCases.LaunchBrowserTest" time="0.012">
    <failure type="java.lang.NullPointerException">java.lang.NullPointerException
	at com.myStore.TestCases.LaunchBrowserTest.Login(LaunchBrowserTest.java:42)
</failure>
    <system-out><![CDATA[[TestNGContentHandler] [WARN] It is strongly recommended to add "<!DOCTYPE suite SYSTEM "http://testng.org/testng-1.0.dtd" >" at the top of your file, otherwise TestNG may fail or not work as expected.
]]></system-out>
  </testcase>
  <testcase name="tearDown" classname="com.myStore.TestCases.LaunchBrowserTest" time="0.013">
    <failure type="java.lang.NullPointerException">java.lang.NullPointerException
	at com.myStore.TestCases.LaunchBrowserTest.tearDown(LaunchBrowserTest.java:34)
</failure>
  </testcase>
  <testcase name="orderJourney" classname="com.myStore.TestCases.OrderJourneyTest" time="8.997"/>
</testsuite>