<?xml version="1.0" encoding="UTF-8"?>
<!-- Generated by org.testng.reporters.JUnitXMLReporter -->
<testsuite hostname="Rohit-PC" ignored="0" name="LaunchBrowserTest" tests="1" failures="1" timestamp="19 Feb 2022 19:18:08 GMT" time="13.058" errors="0">
  <testcase name="Login" time="13.024" classname="com.myStore.TestCases.LaunchBrowserTest">
    <failure type="java.lang.NullPointerException">
      <![CDATA[java.lang.NullPointerException
at com.myStore.TestCases.LaunchBrowserTest.Login(LaunchBrowserTest.java:37)
... Removed 25 stack frames]]>
    </failure>
  </testcase> <!-- Login -->
</testsuite> <!-- LaunchBrowserTest -->
