<?xml version="1.0" encoding="UTF-8"?>
<!-- Generated by org.testng.reporters.JUnitXMLReporter -->
<testsuite hostname="Rohit-PC" ignored="0" name="Testing Login" tests="1" failures="1" timestamp="19 Feb 2022 18:59:59 GMT" time="0.047" errors="0">
  <testcase name="@AfterMethod tearDown" time="0.001" classname="com.myStore.TestCases.LaunchBrowserTest">
    <failure type="java.lang.NullPointerException">
      <![CDATA[java.lang.NullPointerException
at com.myStore.TestCases.LaunchBrowserTest.tearDown(LaunchBrowserTest.java:34)
... Removed 28 stack frames]]>
    </failure>
  </testcase> <!-- @AfterMethod tearDown -->
  <testcase name="Login" time="0.008" classname="com.myStore.TestCases.LaunchBrowserTest">
    <failure type="java.lang.NullPointerException">
      <![CDATA[java.lang.NullPointerException
at com.myStore.TestCases.LaunchBrowserTest.Login(LaunchBrowserTest.java:42)
... Removed 25 stack frames]]>
    </failure>
  </testcase> <!-- Login -->
</testsuite> <!-- Testing Login -->
