<?xml version="1.0" encoding="UTF-8"?>
<testng-results skipped="0" failed="0" ignored="0" total="1" passed="1">
  <reporter-output>
  </reporter-output>
  <suite name="Default suite" duration-ms="26291" started-at="2022-02-22T19:38:47Z" finished-at="2022-02-22T19:39:13Z">
    <groups>
    </groups>
    <test name="Default test" duration-ms="26291" started-at="2022-02-22T19:38:47Z" finished-at="2022-02-22T19:39:13Z">
      <class name="com.myStore.TestCases.LaunchBrowserTest">
        <test-method status="PASS" signature="Validate(java.lang.String, java.lang.String)[pri:0, instance:com.myStore.TestCases.LaunchBrowserTest@7c0c77c7]" name="Validate" duration-ms="26269" started-at="2022-02-22T19:38:47Z" finished-at="2022-02-22T19:39:13Z">
          <params>
            <param index="0">
              <value>
                <![CDATA[param-val-not-found]]>
              </value>
            </param>
            <param index="1">
              <value>
                <![CDATA[param-val-not-found]]>
              </value>
            </param>
          </params>
          <reporter-output>
          </reporter-output>
        </test-method> <!-- Validate -->
      </class> <!-- com.myStore.TestCases.LaunchBrowserTest -->
    </test> <!-- Default test -->
  </suite> <!-- Default suite -->
</testng-results>
