<?xml version="1.0" encoding="UTF-8"?>
<testng-results skipped="0" failed="0" ignored="2" total="4" passed="2">
  <reporter-output>
  </reporter-output>
  <suite name="Suite" duration-ms="51168" started-at="2022-03-08T16:15:04Z" finished-at="2022-03-08T16:15:55Z">
    <groups>
    </groups>
    <test name="Test-1" duration-ms="9" started-at="2022-03-08T16:15:04Z" finished-at="2022-03-08T16:15:04Z">
    </test> <!-- Test-1 -->
    <test name="Test-2" duration-ms="1" started-at="2022-03-08T16:15:04Z" finished-at="2022-03-08T16:15:04Z">
    </test> <!-- Test-2 -->
    <test name="Test-3" duration-ms="27508" started-at="2022-03-08T16:15:04Z" finished-at="2022-03-08T16:15:31Z">
      <class name="com.myStore.TestCases.LaunchBrowserTest">
        <test-method status="PASS" signature="Validate(java.lang.String, java.lang.String)[pri:0, instance:com.myStore.TestCases.LaunchBrowserTest@17046283]" name="Validate" duration-ms="27477" started-at="2022-03-08T16:15:04Z" finished-at="2022-03-08T16:15:31Z">
          <params>
            <param index="0">
              <value>
                <![CDATA[TestCase-03]]>
              </value>
            </param>
            <param index="1">
              <value>
                <![CDATA[chrome]]>
              </value>
            </param>
          </params>
          <reporter-output>
          </reporter-output>
        </test-method> <!-- Validate -->
      </class> <!-- com.myStore.TestCases.LaunchBrowserTest -->
    </test> <!-- Test-3 -->
    <test name="Test-4" duration-ms="23596" started-at="2022-03-08T16:15:31Z" finished-at="2022-03-08T16:15:55Z">
      <class name="com.myStore.TestCases.HandleDropdowns">
        <test-method status="PASS" signature="test()[pri:0, instance:com.myStore.TestCases.HandleDropdowns@19bb07ed]" name="test" duration-ms="23593" started-at="2022-03-08T16:15:31Z" finished-at="2022-03-08T16:15:55Z">
          <reporter-output>
          </reporter-output>
        </test-method> <!-- test -->
      </class> <!-- com.myStore.TestCases.HandleDropdowns -->
    </test> <!-- Test-4 -->
  </suite> <!-- Suite -->
</testng-results>
